  console.log
    DEBUG Expanded Rows: [
      {
        "id": 1,
        "variants": null,
        "variants.size": null
      },
      {
        "id": 2,
        "variants": null,
        "variants.size": "S"
      }
    ]

      at Object.log (tests/repro_bug.test.ts:30:17)

FAIL tests/repro_bug.test.ts
  Table View Bug - Mixed Empty Arrays
    ΓêÜ should correctly identify table structure even if first item has empty array (5 ms)
    ├ù should expand mixed empty arrays correctly in flat view (30 ms)

  ΓùÅ Table View Bug - Mixed Empty Arrays ΓÇ║ should expand mixed empty arrays correctly in flat view

    expect(received).toHaveProperty(path, value)

    Expected path: "variants.size"
    Received path: []

    Expected value: "S"
    Received value: {"id": 2, "variants": null, "variants.size": "S"}

      36 |         expect(result.rows).toHaveLength(2);
      37 |         const row2 = result.rows.find(r => r.id === 2);
    > 38 |         expect(row2).toHaveProperty('variants.size', 'S');
         |                      ^
      39 |     });
      40 | });
      41 |

      at Object.toHaveProperty (tests/repro_bug.test.ts:38:22)

Test Suites: 1 failed, 1 total
Tests:       1 failed, 1 passed, 2 total
Snapshots:   0 total
Time:        2.264 s
Ran all test suites matching /tests\\repro_bug.test.ts/i.
